#
# There is insufficient memory for the Java Runtime Environment to continue.
# Native memory allocation (malloc) failed to allocate 32744 bytes for ChunkPool::allocate
# Possible reasons:
#   The system is out of physical RAM or swap space
#   The process is running with CompressedOops enabled, and the Java Heap may be blocking the growth of the native heap
# Possible solutions:
#   Reduce memory load on the system
#   Increase physical memory or swap space
#   Check if swap backing store is full
#   Decrease Java heap size (-Xmx/-Xms)
#   Decrease number of Java threads
#   Decrease Java thread stack sizes (-Xss)
#   Set larger code cache with -XX:ReservedCodeCacheSize=
#   JVM is running with Unscaled Compressed Oops mode in which the Java heap is
#     placed in the first 4GB address space. The Java Heap base address is the
#     maximum limit for the native heap growth. Please use -XX:HeapBaseMinAddress
#     to set the Java Heap base and to place the Java Heap above 4GB virtual address.
# This output file may be truncated or incomplete.
#
#  Out of Memory Error (arena.cpp:78), pid=22860, tid=19948
#
# JRE version: OpenJDK Runtime Environment Temurin-17.0.7+7 (17.0.7+7) (build 17.0.7+7)
# Java VM: OpenJDK 64-Bit Server VM Temurin-17.0.7+7 (17.0.7+7, mixed mode, tiered, compressed oops, compressed class ptrs, parallel gc, windows-amd64)
# No core dump will be written. Minidumps are not enabled by default on client versions of Windows
#

---------------  S U M M A R Y ------------

Command Line: --add-modules=ALL-SYSTEM --add-opens=java.base/java.util=ALL-UNNAMED --add-opens=java.base/java.lang=ALL-UNNAMED --add-opens=java.base/sun.nio.fs=ALL-UNNAMED -Declipse.application=org.eclipse.jdt.ls.core.id1 -Dosgi.bundles.defaultStartLevel=4 -Declipse.product=org.eclipse.jdt.ls.core.product -Djava.import.generatesMetadataFilesAtProjectRoot=false -Dfile.encoding=utf8 -XX:+UseParallelGC -XX:GCTimeRatio=4 -XX:AdaptiveSizePolicyWeight=90 -Dsun.zip.disableMemoryMapping=true -Xmx1G -Xms100m -Xlog:disable -javaagent:c:\Users\Paul\.vscode\extensions\redhat.java-1.18.0-win32-x64\lombok\lombok-1.18.27.jar -XX:+HeapDumpOnOutOfMemoryError -XX:HeapDumpPath=c:\Users\Paul\AppData\Roaming\Code\User\workspaceStorage\f1d068f90c021fe92a11d3b9a1a60b90\redhat.java -Daether.dependencyCollector.impl=bf c:\Users\Paul\.vscode\extensions\redhat.java-1.18.0-win32-x64\server\plugins\org.eclipse.equinox.launcher_1.6.400.v20210924-0641.jar -configuration c:\Users\Paul\AppData\Roaming\Code\User\globalStorage\redhat.java\1.18.0\config_win -data c:\Users\Paul\AppData\Roaming\Code\User\workspaceStorage\f1d068f90c021fe92a11d3b9a1a60b90\redhat.java\jdt_ws

Host: Intel(R) Core(TM) i7-10750H CPU @ 2.60GHz, 12 cores, 15G,  Windows 10 , 64 bit Build 19041 (10.0.19041.2788)
Time: Thu May 11 15:47:46 2023 Central Daylight Time elapsed time: 0.502041 seconds (0d 0h 0m 0s)

---------------  T H R E A D  ---------------

Current thread (0x000001d0f91b9d00):  JavaThread "C1 CompilerThread0" daemon [_thread_in_native, id=19948, stack(0x000000a620000000,0x000000a620100000)]


Current CompileTask:
C1:    502  462       3       sun.security.util.DerValue::<init> (445 bytes)

Stack: [0x000000a620000000,0x000000a620100000]
Native frames: (J=compiled Java code, j=interpreted, Vv=VM code, C=native code)
V  [jvm.dll+0x67754a]
V  [jvm.dll+0x834304]
V  [jvm.dll+0x835aae]
V  [jvm.dll+0x836113]
V  [jvm.dll+0x24696f]
V  [jvm.dll+0xac2cc]
V  [jvm.dll+0xac67c]
V  [jvm.dll+0x664ab6]
V  [jvm.dll+0x14b45c]
V  [jvm.dll+0x1514a7]
V  [jvm.dll+0x1518c5]
V  [jvm.dll+0x151b47]
V  [jvm.dll+0x15197e]
V  [jvm.dll+0x1358c9]
V  [jvm.dll+0x13542a]
V  [jvm.dll+0x135616]
V  [jvm.dll+0x134aaa]
V  [jvm.dll+0x136771]
V  [jvm.dll+0x2284da]
V  [jvm.dll+0x226615]
V  [jvm.dll+0x7ea90b]
V  [jvm.dll+0x7e4e7a]
V  [jvm.dll+0x676395]
C  [ucrtbase.dll+0x21bb2]
C  [KERNEL32.DLL+0x17604]
C  [ntdll.dll+0x526a1]


---------------  P R O C E S S  ---------------

Threads class SMR info:
_java_thread_list=0x000001d0f9498260, length=13, elements={
0x000001d0e004daa0, 0x000001d0f91844c0, 0x000001d0f9185c60, 0x000001d0f91b7020,
0x000001d0f91b7da0, 0x000001d0f91b8a20, 0x000001d0f91b9440, 0x000001d0f3edcb30,
0x000001d0f91b9d00, 0x000001d0f91be840, 0x000001d0f92bac00, 0x000001d0f943dba0,
0x000001d0f951e9c0
}

Java Threads: ( => current thread )
  0x000001d0e004daa0 JavaThread "main" [_thread_in_vm, id=20080, stack(0x000000a61f600000,0x000000a61f700000)]
  0x000001d0f91844c0 JavaThread "Reference Handler" daemon [_thread_blocked, id=15936, stack(0x000000a61f900000,0x000000a61fa00000)]
  0x000001d0f9185c60 JavaThread "Finalizer" daemon [_thread_blocked, id=4928, stack(0x000000a61fa00000,0x000000a61fb00000)]
  0x000001d0f91b7020 JavaThread "Signal Dispatcher" daemon [_thread_blocked, id=24772, stack(0x000000a61fb00000,0x000000a61fc00000)]
  0x000001d0f91b7da0 JavaThread "Attach Listener" daemon [_thread_blocked, id=24144, stack(0x000000a61fc00000,0x000000a61fd00000)]
  0x000001d0f91b8a20 JavaThread "Service Thread" daemon [_thread_blocked, id=22800, stack(0x000000a61fd00000,0x000000a61fe00000)]
  0x000001d0f91b9440 JavaThread "Monitor Deflation Thread" daemon [_thread_blocked, id=27012, stack(0x000000a61fe00000,0x000000a61ff00000)]
  0x000001d0f3edcb30 JavaThread "C2 CompilerThread0" daemon [_thread_in_native, id=7540, stack(0x000000a61ff00000,0x000000a620000000)]
=>0x000001d0f91b9d00 JavaThread "C1 CompilerThread0" daemon [_thread_in_native, id=19948, stack(0x000000a620000000,0x000000a620100000)]
  0x000001d0f91be840 JavaThread "Sweeper thread" daemon [_thread_blocked, id=22892, stack(0x000000a620100000,0x000000a620200000)]
  0x000001d0f92bac00 JavaThread "Common-Cleaner" daemon [_thread_blocked, id=23108, stack(0x000000a620200000,0x000000a620300000)]
  0x000001d0f943dba0 JavaThread "Notification Thread" daemon [_thread_blocked, id=25988, stack(0x000000a620300000,0x000000a620400000)]
  0x000001d0f951e9c0 JavaThread "C2 CompilerThread1" daemon [_thread_in_native, id=23284, stack(0x000000a620500000,0x000000a620600000)]

Other Threads:
  0x000001d0f3da4150 VMThread "VM Thread" [stack: 0x000000a61f800000,0x000000a61f900000] [id=14368]
  0x000001d0f943e070 WatcherThread [stack: 0x000000a620400000,0x000000a620500000] [id=3276]
  0x000001d0e0062eb0 GCTaskThread "GC Thread#0" [stack: 0x000000a61f700000,0x000000a61f800000] [id=25596]

Threads with active compile tasks:
C2 CompilerThread0      520  455       4       java.util.HashSet::iterator (13 bytes)
C1 CompilerThread0      520  462       3       sun.security.util.DerValue::<init> (445 bytes)
C2 CompilerThread1      520  456       4       java.util.Collections$UnmodifiableCollection$1::next (10 bytes)

VM state: not at safepoint (normal execution)

VM Mutex/Monitor currently owned by a thread: None

Heap address: 0x00000000c0000000, size: 1024 MB, Compressed Oops mode: 32-bit

CDS archive(s) not mapped
Compressed class space mapped at: 0x0000000100000000-0x0000000140000000, reserved size: 1073741824
Narrow klass base: 0x0000000000000000, Narrow klass shift: 3, Narrow klass range: 0x140000000

GC Precious Log:
 CPUs: 12 total, 12 available
 Memory: 16248M
 Large Page Support: Disabled
 NUMA Support: Disabled
 Compressed Oops: Enabled (32-bit)
 Alignments: Space 512K, Generation 512K, Heap 2M
 Heap Min Capacity: 100M
 Heap Initial Capacity: 100M
 Heap Max Capacity: 1G
 Pre-touch: Disabled
 Parallel Workers: 10

Heap:
 PSYoungGen      total 29696K, used 9844K [0x00000000eab00000, 0x00000000ecc00000, 0x0000000100000000)
  eden space 25600K, 38% used [0x00000000eab00000,0x00000000eb49d0c0,0x00000000ec400000)
  from space 4096K, 0% used [0x00000000ec800000,0x00000000ec800000,0x00000000ecc00000)
  to   space 4096K, 0% used [0x00000000ec400000,0x00000000ec400000,0x00000000ec800000)
 ParOldGen       total 68608K, used 0K [0x00000000c0000000, 0x00000000c4300000, 0x00000000eab00000)
  object space 68608K, 0% used [0x00000000c0000000,0x00000000c0000000,0x00000000c4300000)
 Metaspace       used 7576K, committed 7680K, reserved 1114112K
  class space    used 742K, committed 832K, reserved 1048576K

Card table byte_map: [0x000001d0dfa00000,0x000001d0dfc10000] _byte_map_base: 0x000001d0df400000

Marking Bits: (ParMarkBitMap*) 0x00007ffa379c52c0
 Begin Bits: [0x000001d0f1ce0000, 0x000001d0f2ce0000)
 End Bits:   [0x000001d0f2ce0000, 0x000001d0f3ce0000)

Polling page: 0x000001d0dde20000

Metaspace:

Usage:
  Non-class:      6.67 MB used.
      Class:    742.23 KB used.
       Both:      7.40 MB used.

Virtual space:
  Non-class space:       64.00 MB reserved,       6.69 MB ( 10%) committed,  1 nodes.
      Class space:        1.00 GB reserved,     832.00 KB ( <1%) committed,  1 nodes.
             Both:        1.06 GB reserved,       7.50 MB ( <1%) committed. 

Chunk freelists:
   Non-Class:  9.00 MB
       Class:  15.22 MB
        Both:  24.22 MB

MaxMetaspaceSize: unlimited
CompressedClassSpaceSize: 1.00 GB
Initial GC threshold: 21.00 MB
Current GC threshold: 21.00 MB
CDS: off
MetaspaceReclaimPolicy: balanced
 - commit_granule_bytes: 65536.
 - commit_granule_words: 8192.
 - virtual_space_node_default_size: 8388608.
 - enlarge_chunks_in_place: 1.
 - new_chunks_are_fully_committed: 0.
 - uncommit_free_chunks: 1.
 - use_allocation_guard: 0.
 - handle_deallocations: 1.


Internal statistics:

num_allocs_failed_limit: 0.
num_arena_births: 10.
num_arena_deaths: 0.
num_vsnodes_births: 2.
num_vsnodes_deaths: 0.
num_space_committed: 120.
num_space_uncommitted: 0.
num_chunks_returned_to_freelist: 0.
num_chunks_taken_from_freelist: 37.
num_chunk_merges: 0.
num_chunk_splits: 21.
num_chunks_enlarged: 16.
num_inconsistent_stats: 0.

CodeHeap 'non-profiled nmethods': size=120000Kb used=149Kb max_used=149Kb free=119850Kb
 bounds [0x000001d0ea7b0000, 0x000001d0eaa20000, 0x000001d0f1ce0000]
CodeHeap 'profiled nmethods': size=120000Kb used=604Kb max_used=604Kb free=119395Kb
 bounds [0x000001d0e2ce0000, 0x000001d0e2f50000, 0x000001d0ea210000]
CodeHeap 'non-nmethods': size=5760Kb used=1121Kb max_used=1139Kb free=4638Kb
 bounds [0x000001d0ea210000, 0x000001d0ea480000, 0x000001d0ea7b0000]
 total_blobs=865 nmethods=460 adapters=320
 compilation: enabled
              stopped_count=0, restarted_count=0
 full_count=0

Compilation events (20 events):
Event: 0.488 Thread 0x000001d0f3edcb30 nmethod 442 0x000001d0ea7d1410 code [0x000001d0ea7d15a0, 0x000001d0ea7d1af8]
Event: 0.488 Thread 0x000001d0f3edcb30  450       4       java.util.ArrayList$Itr::next (66 bytes)
Event: 0.488 Thread 0x000001d0f951e9c0  451       4       jdk.internal.misc.Unsafe::allocateUninitializedArray (55 bytes)
Event: 0.489 Thread 0x000001d0f3edcb30 nmethod 450 0x000001d0ea7d1e10 code [0x000001d0ea7d1fa0, 0x000001d0ea7d20f8]
Event: 0.489 Thread 0x000001d0f3edcb30  453       4       jdk.internal.misc.Unsafe::allocateUninitializedArray0 (90 bytes)
Event: 0.490 Thread 0x000001d0f951e9c0 nmethod 451 0x000001d0ea7d2290 code [0x000001d0ea7d2420, 0x000001d0ea7d25f8]
Event: 0.490 Thread 0x000001d0f951e9c0  444       4       java.lang.StringBuilder::append (8 bytes)
Event: 0.490 Thread 0x000001d0f91b9d00  454       3       sun.security.util.DerInputStream::<init> (38 bytes)
Event: 0.490 Thread 0x000001d0f91b9d00 nmethod 454 0x000001d0e2d75a10 code [0x000001d0e2d75ba0, 0x000001d0e2d75d38]
Event: 0.490 Thread 0x000001d0f3edcb30 nmethod 453 0x000001d0ea7d2790 code [0x000001d0ea7d2920, 0x000001d0ea7d2af8]
Event: 0.491 Thread 0x000001d0f3edcb30  455       4       java.util.HashSet::iterator (13 bytes)
Event: 0.492 Thread 0x000001d0f91b9d00  458       3       sun.security.util.ObjectIdentifier::pack (221 bytes)
Event: 0.492 Thread 0x000001d0f91b9d00 nmethod 458 0x000001d0e2d75e10 code [0x000001d0e2d75fe0, 0x000001d0e2d76608]
Event: 0.492 Thread 0x000001d0f91b9d00  460       3       java.net.URI::match (56 bytes)
Event: 0.493 Thread 0x000001d0f91b9d00 nmethod 460 0x000001d0e2d76890 code [0x000001d0e2d76a40, 0x000001d0e2d76d38]
Event: 0.496 Thread 0x000001d0f91b9d00  461       3       sun.security.util.DerValue::data (29 bytes)
Event: 0.496 Thread 0x000001d0f91b9d00 nmethod 461 0x000001d0e2d76e10 code [0x000001d0e2d76fc0, 0x000001d0e2d77188]
Event: 0.496 Thread 0x000001d0f951e9c0 nmethod 444 0x000001d0ea7d2c10 code [0x000001d0ea7d2dc0, 0x000001d0ea7d33c8]
Event: 0.496 Thread 0x000001d0f951e9c0  457   !   4       java.lang.String::replace (258 bytes)
Event: 0.499 Thread 0x000001d0f91b9d00  462       3       sun.security.util.DerValue::<init> (445 bytes)

GC Heap History (0 events):
No events

Dll operation events (8 events):
Event: 0.012 Loaded shared library c:\Users\Paul\.vscode\extensions\redhat.java-1.18.0-win32-x64\jre\17.0.7-win32-x86_64\bin\java.dll
Event: 0.211 Loaded shared library c:\Users\Paul\.vscode\extensions\redhat.java-1.18.0-win32-x64\jre\17.0.7-win32-x86_64\bin\zip.dll
Event: 0.214 Loaded shared library C:\Users\Paul\.vscode\extensions\redhat.java-1.18.0-win32-x64\jre\17.0.7-win32-x86_64\bin\instrument.dll
Event: 0.229 Loaded shared library C:\Users\Paul\.vscode\extensions\redhat.java-1.18.0-win32-x64\jre\17.0.7-win32-x86_64\bin\net.dll
Event: 0.232 Loaded shared library C:\Users\Paul\.vscode\extensions\redhat.java-1.18.0-win32-x64\jre\17.0.7-win32-x86_64\bin\nio.dll
Event: 0.243 Loaded shared library C:\Users\Paul\.vscode\extensions\redhat.java-1.18.0-win32-x64\jre\17.0.7-win32-x86_64\bin\zip.dll
Event: 0.260 Loaded shared library C:\Users\Paul\.vscode\extensions\redhat.java-1.18.0-win32-x64\jre\17.0.7-win32-x86_64\bin\jimage.dll
Event: 0.317 Loaded shared library c:\Users\Paul\.vscode\extensions\redhat.java-1.18.0-win32-x64\jre\17.0.7-win32-x86_64\bin\verify.dll

Deoptimization events (20 events):
Event: 0.409 Thread 0x000001d0e004daa0 DEOPT PACKING pc=0x000001d0ea7bcde8 sp=0x000000a61f6fd1a0
Event: 0.409 Thread 0x000001d0e004daa0 DEOPT UNPACKING pc=0x000001d0ea2666a3 sp=0x000000a61f6fd110 mode 2
Event: 0.424 Thread 0x000001d0e004daa0 DEOPT PACKING pc=0x000001d0e2cfa200 sp=0x000000a61f6fdff0
Event: 0.425 Thread 0x000001d0e004daa0 DEOPT UNPACKING pc=0x000001d0ea266e43 sp=0x000000a61f6fd4b0 mode 0
Event: 0.426 Thread 0x000001d0e004daa0 Uncommon trap: trap_request=0xffffff45 fr.pc=0x000001d0ea7b615c relative=0x000000000000005c
Event: 0.426 Thread 0x000001d0e004daa0 Uncommon trap: reason=unstable_if action=reinterpret pc=0x000001d0ea7b615c method=java.lang.String.isLatin1()Z @ 10 c2
Event: 0.427 Thread 0x000001d0e004daa0 DEOPT PACKING pc=0x000001d0ea7b615c sp=0x000000a61f6fe2a0
Event: 0.427 Thread 0x000001d0e004daa0 DEOPT UNPACKING pc=0x000001d0ea2666a3 sp=0x000000a61f6fe230 mode 2
Event: 0.427 Thread 0x000001d0e004daa0 Uncommon trap: trap_request=0xffffff45 fr.pc=0x000001d0ea7bf0f8 relative=0x0000000000000078
Event: 0.427 Thread 0x000001d0e004daa0 Uncommon trap: reason=unstable_if action=reinterpret pc=0x000001d0ea7bf0f8 method=java.lang.String.isLatin1()Z @ 10 c2
Event: 0.427 Thread 0x000001d0e004daa0 DEOPT PACKING pc=0x000001d0ea7bf0f8 sp=0x000000a61f6fecc0
Event: 0.427 Thread 0x000001d0e004daa0 DEOPT UNPACKING pc=0x000001d0ea2666a3 sp=0x000000a61f6fec00 mode 2
Event: 0.430 Thread 0x000001d0e004daa0 DEOPT PACKING pc=0x000001d0e2cfa200 sp=0x000000a61f6fc960
Event: 0.430 Thread 0x000001d0e004daa0 DEOPT UNPACKING pc=0x000001d0ea266e43 sp=0x000000a61f6fbe20 mode 0
Event: 0.432 Thread 0x000001d0e004daa0 DEOPT PACKING pc=0x000001d0e2cfa200 sp=0x000000a61f6fc760
Event: 0.432 Thread 0x000001d0e004daa0 DEOPT UNPACKING pc=0x000001d0ea266e43 sp=0x000000a61f6fbc20 mode 0
Event: 0.492 Thread 0x000001d0e004daa0 Uncommon trap: trap_request=0xffffff45 fr.pc=0x000001d0ea7c3c44 relative=0x00000000000000c4
Event: 0.492 Thread 0x000001d0e004daa0 Uncommon trap: reason=unstable_if action=reinterpret pc=0x000001d0ea7c3c44 method=java.net.URI.match(CJJ)Z @ 45 c2
Event: 0.492 Thread 0x000001d0e004daa0 DEOPT PACKING pc=0x000001d0ea7c3c44 sp=0x000000a61f6fc780
Event: 0.492 Thread 0x000001d0e004daa0 DEOPT UNPACKING pc=0x000001d0ea2666a3 sp=0x000000a61f6fc708 mode 2

Classes unloaded (0 events):
No events

Classes redefined (0 events):
No events

Internal exceptions (2 events):
Event: 0.178 Thread 0x000001d0e004daa0 Exception <a 'java/lang/NoSuchMethodError'{0x00000000eacb2850}: 'void java.lang.invoke.DirectMethodHandle$Holder.invokeStatic(java.lang.Object, java.lang.Object, java.lang.Object)'> (0x00000000eacb2850) 
thrown [s\src\hotspot\share\interpreter\linkResolver.cpp, line 759]
Event: 0.345 Thread 0x000001d0e004daa0 Exception <a 'java/lang/reflect/InvocationTargetException'{0x00000000eaf78d08}> (0x00000000eaf78d08) 
thrown [s\src\hotspot\share\runtime\reflection.cpp, line 1121]

VM Operations (2 events):
Event: 0.183 Executing VM operation: HandshakeAllThreads
Event: 0.183 Executing VM operation: HandshakeAllThreads done

Events (20 events):
Event: 0.496 loading class sun/security/x509/CertificatePoliciesExtension
Event: 0.496 loading class sun/security/x509/CertificatePoliciesExtension done
Event: 0.496 loading class sun/security/x509/PolicyInformation
Event: 0.497 loading class sun/security/x509/PolicyInformation done
Event: 0.497 loading class sun/security/x509/CertificatePolicyId
Event: 0.497 loading class sun/security/x509/CertificatePolicyId done
Event: 0.497 loading class java/security/cert/PolicyQualifierInfo
Event: 0.497 loading class java/security/cert/PolicyQualifierInfo done
Event: 0.498 loading class sun/security/pkcs/SignerInfo
Event: 0.499 loading class sun/security/pkcs/SignerInfo done
Event: 0.499 loading class sun/security/util/DisabledAlgorithmConstraints
Event: 0.499 loading class sun/security/util/AbstractAlgorithmConstraints
Event: 0.499 loading class java/security/AlgorithmConstraints
Event: 0.499 loading class java/security/AlgorithmConstraints done
Event: 0.499 loading class sun/security/util/AbstractAlgorithmConstraints done
Event: 0.499 loading class sun/security/util/DisabledAlgorithmConstraints done
Event: 0.499 loading class java/util/regex/ASCII
Event: 0.500 loading class java/util/regex/ASCII done
Event: 0.500 loading class java/util/regex/Pattern$SliceI
Event: 0.500 loading class java/util/regex/Pattern$SliceI done


Dynamic libraries:
0x00007ff66b700000 - 0x00007ff66b70e000 	c:\Users\Paul\.vscode\extensions\redhat.java-1.18.0-win32-x64\jre\17.0.7-win32-x86_64\bin\java.exe
0x00007ffabd750000 - 0x00007ffabd948000 	C:\Windows\SYSTEM32\ntdll.dll
0x00007ffabd520000 - 0x00007ffabd5df000 	C:\Windows\System32\KERNEL32.DLL
0x00007ffabb110000 - 0x00007ffabb3ea000 	C:\Windows\System32\KERNELBASE.dll
0x00007ffabb010000 - 0x00007ffabb110000 	C:\Windows\System32\ucrtbase.dll
0x00007ffa871b0000 - 0x00007ffa871c7000 	c:\Users\Paul\.vscode\extensions\redhat.java-1.18.0-win32-x64\jre\17.0.7-win32-x86_64\bin\jli.dll
0x00007ffabcf70000 - 0x00007ffabd10d000 	C:\Windows\System32\USER32.dll
0x00007ffabb3f0000 - 0x00007ffabb412000 	C:\Windows\System32\win32u.dll
0x00007ffabbc40000 - 0x00007ffabbc6b000 	C:\Windows\System32\GDI32.dll
0x00007ffabae60000 - 0x00007ffabaf70000 	C:\Windows\System32\gdi32full.dll
0x00007ffabaf70000 - 0x00007ffabb00d000 	C:\Windows\System32\msvcp_win.dll
0x00007ffa8e400000 - 0x00007ffa8e419000 	c:\Users\Paul\.vscode\extensions\redhat.java-1.18.0-win32-x64\jre\17.0.7-win32-x86_64\bin\VCRUNTIME140.dll
0x00007ffaa52f0000 - 0x00007ffaa558a000 	C:\Windows\WinSxS\amd64_microsoft.windows.common-controls_6595b64144ccf1df_6.0.19041.1110_none_60b5254171f9507e\COMCTL32.dll
0x00007ffabd110000 - 0x00007ffabd1ae000 	C:\Windows\System32\msvcrt.dll
0x00007ffabd250000 - 0x00007ffabd280000 	C:\Windows\System32\IMM32.DLL
0x00007ffaa4660000 - 0x00007ffaa466c000 	c:\Users\Paul\.vscode\extensions\redhat.java-1.18.0-win32-x64\jre\17.0.7-win32-x86_64\bin\vcruntime140_1.dll
0x00007ffa5dfc0000 - 0x00007ffa5e051000 	c:\Users\Paul\.vscode\extensions\redhat.java-1.18.0-win32-x64\jre\17.0.7-win32-x86_64\bin\msvcp140.dll
0x00007ffa36e40000 - 0x00007ffa37a88000 	c:\Users\Paul\.vscode\extensions\redhat.java-1.18.0-win32-x64\jre\17.0.7-win32-x86_64\bin\server\jvm.dll
0x00007ffabbf60000 - 0x00007ffabc00e000 	C:\Windows\System32\ADVAPI32.dll
0x00007ffabd1b0000 - 0x00007ffabd24c000 	C:\Windows\System32\sechost.dll
0x00007ffabd5e0000 - 0x00007ffabd706000 	C:\Windows\System32\RPCRT4.dll
0x00007ffa48710000 - 0x00007ffa48719000 	C:\Windows\SYSTEM32\WSOCK32.dll
0x00007ffabcf00000 - 0x00007ffabcf6b000 	C:\Windows\System32\WS2_32.dll
0x00007ffab3690000 - 0x00007ffab369a000 	C:\Windows\SYSTEM32\VERSION.dll
0x00007ffaa7870000 - 0x00007ffaa7897000 	C:\Windows\SYSTEM32\WINMM.dll
0x00007ffab8d70000 - 0x00007ffab8d82000 	C:\Windows\SYSTEM32\kernel.appcore.dll
0x00007ffaa3c20000 - 0x00007ffaa3c2a000 	c:\Users\Paul\.vscode\extensions\redhat.java-1.18.0-win32-x64\jre\17.0.7-win32-x86_64\bin\jimage.dll
0x00007ffab8570000 - 0x00007ffab8754000 	C:\Windows\SYSTEM32\DBGHELP.DLL
0x00007ffa9cd30000 - 0x00007ffa9cd64000 	C:\Windows\SYSTEM32\dbgcore.DLL
0x00007ffabb720000 - 0x00007ffabb7a2000 	C:\Windows\System32\bcryptPrimitives.dll
0x00007ffa9e3a0000 - 0x00007ffa9e3ae000 	c:\Users\Paul\.vscode\extensions\redhat.java-1.18.0-win32-x64\jre\17.0.7-win32-x86_64\bin\instrument.dll
0x00007ffa5ec90000 - 0x00007ffa5ecb5000 	c:\Users\Paul\.vscode\extensions\redhat.java-1.18.0-win32-x64\jre\17.0.7-win32-x86_64\bin\java.dll
0x00007ffa74fa0000 - 0x00007ffa74fb8000 	c:\Users\Paul\.vscode\extensions\redhat.java-1.18.0-win32-x64\jre\17.0.7-win32-x86_64\bin\zip.dll
0x00007ffabc4a0000 - 0x00007ffabcbe4000 	C:\Windows\System32\SHELL32.dll
0x00007ffab8f20000 - 0x00007ffab96b3000 	C:\Windows\SYSTEM32\windows.storage.dll
0x00007ffabc020000 - 0x00007ffabc374000 	C:\Windows\System32\combase.dll
0x00007ffaba8c0000 - 0x00007ffaba8ee000 	C:\Windows\SYSTEM32\Wldp.dll
0x00007ffabd280000 - 0x00007ffabd32d000 	C:\Windows\System32\SHCORE.dll
0x00007ffabd410000 - 0x00007ffabd465000 	C:\Windows\System32\shlwapi.dll
0x00007ffabada0000 - 0x00007ffabadbf000 	C:\Windows\SYSTEM32\profapi.dll
0x00007ffa5ec70000 - 0x00007ffa5ec89000 	C:\Users\Paul\.vscode\extensions\redhat.java-1.18.0-win32-x64\jre\17.0.7-win32-x86_64\bin\net.dll
0x00007ffab0fc0000 - 0x00007ffab10ca000 	C:\Windows\SYSTEM32\WINHTTP.dll
0x00007ffaba620000 - 0x00007ffaba68a000 	C:\Windows\system32\mswsock.dll
0x00007ffa5ec10000 - 0x00007ffa5ec25000 	C:\Users\Paul\.vscode\extensions\redhat.java-1.18.0-win32-x64\jre\17.0.7-win32-x86_64\bin\nio.dll
0x00007ffa9dad0000 - 0x00007ffa9dae0000 	c:\Users\Paul\.vscode\extensions\redhat.java-1.18.0-win32-x64\jre\17.0.7-win32-x86_64\bin\verify.dll

dbghelp: loaded successfully - version: 4.0.5 - missing functions: none
symbol engine: initialized successfully - sym options: 0x614 - pdb path: .;c:\Users\Paul\.vscode\extensions\redhat.java-1.18.0-win32-x64\jre\17.0.7-win32-x86_64\bin;C:\Windows\SYSTEM32;C:\Windows\WinSxS\amd64_microsoft.windows.common-controls_6595b64144ccf1df_6.0.19041.1110_none_60b5254171f9507e;c:\Users\Paul\.vscode\extensions\redhat.java-1.18.0-win32-x64\jre\17.0.7-win32-x86_64\bin\server

VM Arguments:
jvm_args: --add-modules=ALL-SYSTEM --add-opens=java.base/java.util=ALL-UNNAMED --add-opens=java.base/java.lang=ALL-UNNAMED --add-opens=java.base/sun.nio.fs=ALL-UNNAMED -Declipse.application=org.eclipse.jdt.ls.core.id1 -Dosgi.bundles.defaultStartLevel=4 -Declipse.product=org.eclipse.jdt.ls.core.product -Djava.import.generatesMetadataFilesAtProjectRoot=false -Dfile.encoding=utf8 -XX:+UseParallelGC -XX:GCTimeRatio=4 -XX:AdaptiveSizePolicyWeight=90 -Dsun.zip.disableMemoryMapping=true -Xmx1G -Xms100m -Xlog:disable -javaagent:c:\Users\Paul\.vscode\extensions\redhat.java-1.18.0-win32-x64\lombok\lombok-1.18.27.jar -XX:+HeapDumpOnOutOfMemoryError -XX:HeapDumpPath=c:\Users\Paul\AppData\Roaming\Code\User\workspaceStorage\f1d068f90c021fe92a11d3b9a1a60b90\redhat.java -Daether.dependencyCollector.impl=bf 
java_command: c:\Users\Paul\.vscode\extensions\redhat.java-1.18.0-win32-x64\server\plugins\org.eclipse.equinox.launcher_1.6.400.v20210924-0641.jar -configuration c:\Users\Paul\AppData\Roaming\Code\User\globalStorage\redhat.java\1.18.0\config_win -data c:\Users\Paul\AppData\Roaming\Code\User\workspaceStorage\f1d068f90c021fe92a11d3b9a1a60b90\redhat.java\jdt_ws
java_class_path (initial): c:\Users\Paul\.vscode\extensions\redhat.java-1.18.0-win32-x64\server\plugins\org.eclipse.equinox.launcher_1.6.400.v20210924-0641.jar
Launcher Type: SUN_STANDARD

[Global flags]
    uintx AdaptiveSizePolicyWeight                 = 90                                        {product} {command line}
     intx CICompilerCount                          = 4                                         {product} {ergonomic}
    uintx GCTimeRatio                              = 4                                         {product} {command line}
     bool HeapDumpOnOutOfMemoryError               = true                                   {manageable} {command line}
    ccstr HeapDumpPath                             = c:\Users\Paul\AppData\Roaming\Code\User\workspaceStorage\f1d068f90c021fe92a11d3b9a1a60b90\redhat.java         {manageable} {command line}
   size_t InitialHeapSize                          = 104857600                                 {product} {command line}
   size_t MaxHeapSize                              = 1073741824                                {product} {command line}
   size_t MaxNewSize                               = 357564416                                 {product} {ergonomic}
   size_t MinHeapDeltaBytes                        = 524288                                    {product} {ergonomic}
   size_t MinHeapSize                              = 104857600                                 {product} {command line}
   size_t NewSize                                  = 34603008                                  {product} {ergonomic}
    uintx NonNMethodCodeHeapSize                   = 5839372                                {pd product} {ergonomic}
    uintx NonProfiledCodeHeapSize                  = 122909434                              {pd product} {ergonomic}
   size_t OldSize                                  = 70254592                                  {product} {ergonomic}
    uintx ProfiledCodeHeapSize                     = 122909434                              {pd product} {ergonomic}
    uintx ReservedCodeCacheSize                    = 251658240                              {pd product} {ergonomic}
     bool SegmentedCodeCache                       = true                                      {product} {ergonomic}
   size_t SoftMaxHeapSize                          = 1073741824                             {manageable} {ergonomic}
     bool UseCompressedClassPointers               = true                           {product lp64_product} {ergonomic}
     bool UseCompressedOops                        = true                           {product lp64_product} {ergonomic}
     bool UseLargePagesIndividualAllocation        = false                                  {pd product} {ergonomic}
     bool UseParallelGC                            = true                                      {product} {command line}

Logging:
Log output configuration:
 #0: stdout all=off uptime,level,tags
 #1: stderr all=off uptime,level,tags

Environment Variables:
PATH=C:\Program Files\Common Files\Oracle\Java\javapath;C:\Program Files\Oculus\Support\oculus-runtime;C:\Program Files (x86)\Common Files\Oracle\Java\javapath;C:\Program Files (x86)\Razer Chroma SDK\bin;C:\Program Files\Razer Chroma SDK\bin;C:\Program Files (x86)\Razer\ChromaBroadcast\bin;C:\Program Files\Razer\ChromaBroadcast\bin;C:\Windows\system32;C:\Windows;C:\Windows\System32\Wbem;C:\Windows\System32\WindowsPowerShell\v1.0\;C:\Windows\System32\OpenSSH\;C:\Program Files (x86)\NVIDIA Corporation\PhysX\Common;C:\Program Files\NVIDIA Corporation\NVIDIA NvDLISR;C:\Android;C:\Windows\system32\config\systemprofile\AppData\Local\Microsoft\WindowsApps;C:\Program Files\PuTTY\;C:\Program Files\Git\cmd;C:\Gradle\gradle-8.0\bin;C:\Users\Paul\.cargo\bin;C:\Users\Paul\AppData\Local\Microsoft\WindowsApps;;C:\Users\Paul\AppData\Local\Programs\Microsoft VS Code\bin
USERNAME=Paul
OS=Windows_NT
PROCESSOR_IDENTIFIER=Intel64 Family 6 Model 165 Stepping 2, GenuineIntel
TMP=C:\Users\Paul\AppData\Local\Temp
TEMP=C:\Users\Paul\AppData\Local\Temp



---------------  S Y S T E M  ---------------

OS:
 Windows 10 , 64 bit Build 19041 (10.0.19041.2788)
OS uptime: 0 days 15:12 hours

CPU: total 12 (initial active 12) (6 cores per cpu, 2 threads per core) family 6 model 165 stepping 2 microcode 0xc8, cx8, cmov, fxsr, ht, mmx, 3dnowpref, sse, sse2, sse3, ssse3, sse4.1, sse4.2, popcnt, lzcnt, tsc, tscinvbit, avx, avx2, aes, erms, clmul, bmi1, bmi2, adx, fma, vzeroupper, clflush, clflushopt

Memory: 4k page, system-wide physical 16248M (2742M free)
TotalPageFile size 24135M (AvailPageFile size 20M)
current process WorkingSet (physical memory assigned to process): 45M, peak: 45M
current process commit charge ("private bytes"): 196M, peak: 196M

vm_info: OpenJDK 64-Bit Server VM (17.0.7+7) for windows-amd64 JRE (17.0.7+7), built on Apr 18 2023 22:10:42 by "temurin" with MS VC++ 16.7 (VS2019)

END.
